<?xml version="1.0" encoding="UTF-8"?>
<!-- Generated by org.testng.reporters.JUnitReportReporter -->
<testsuite hostname="DESKTOP-6D7382R" failures="0" tests="1" name="tests.WindowHandleExample" time="15.180" errors="0" timestamp="2023-09-04T10:22:31 EEST" skipped="0">
  <testcase classname="tests.WindowHandleExample" name="windowHandleTest" time="15.180"/>
</testsuite> <!-- tests.WindowHandleExample -->
