<?xml version="1.0" encoding="UTF-8"?>
<!-- Generated by org.testng.reporters.JUnitReportReporter -->
<testsuite hostname="DESKTOP-6D7382R" failures="0" tests="1" name="tests.ActionClassExample" time="4.536" errors="0" timestamp="2023-08-11T17:59:24 EEST" skipped="0">
  <testcase classname="tests.ActionClassExample" name="sendKeysExample" time="4.536"/>
</testsuite> <!-- tests.ActionClassExample -->
