<?xml version="1.0" encoding="UTF-8"?>
<!-- Generated by org.testng.reporters.JUnitReportReporter -->
<testsuite hostname="DESKTOP-6D7382R" failures="0" tests="1" name="tests.SocialMediaTest" time="22.483" errors="0" timestamp="2023-09-04T19:24:43 EEST" skipped="0">
  <testcase classname="tests.SocialMediaTest" name="windowHandleTest" time="22.483"/>
</testsuite> <!-- tests.SocialMediaTest -->
