<?xml version="1.0" encoding="UTF-8"?>
<!-- Generated by org.testng.reporters.JUnitReportReporter -->
<testsuite hostname="DESKTOP-6D7382R" failures="0" tests="1" name="tests.ScrollExample" time="32.710" errors="0" timestamp="2023-09-10T07:43:49 EEST" skipped="0">
  <testcase classname="tests.ScrollExample" name="scrollTopAndBottom" time="32.710"/>
</testsuite> <!-- tests.ScrollExample -->
