<?xml version="1.0" encoding="UTF-8"?>
<!-- Generated by org.testng.reporters.JUnitReportReporter -->
<testsuite hostname="DESKTOP-6D7382R" failures="0" tests="2" name="tests.AudioPostTest" time="3.612" errors="0" timestamp="2023-09-03T18:03:48 EEST" skipped="0">
  <testcase classname="tests.AudioPostTest" name="audioPostTest" time="1.836"/>
  <testcase classname="tests.AudioPostTest" name="dragAndDropTest" time="1.776"/>
</testsuite> <!-- tests.AudioPostTest -->
