<?xml version="1.0" encoding="UTF-8"?>
<!-- Generated by org.testng.reporters.JUnitReportReporter -->
<testsuite hostname="DESKTOP-6D7382R" failures="0" tests="5" name="tests.DataProviderBooksSearchTest" time="15.490" errors="0" timestamp="2023-09-03T19:35:02 EEST" skipped="0">
  <testcase classname="tests.DataProviderBooksSearchTest" name="searchBooksTest" time="2.811"/>
  <testcase classname="tests.DataProviderBooksSearchTest" name="searchBooksTest" time="2.870"/>
  <testcase classname="tests.DataProviderBooksSearchTest" name="searchBooksTest" time="4.009"/>
  <testcase classname="tests.DataProviderBooksSearchTest" name="searchBooksTest" time="2.884"/>
  <testcase classname="tests.DataProviderBooksSearchTest" name="searchBooksTest" time="2.916"/>
</testsuite> <!-- tests.DataProviderBooksSearchTest -->
