<?xml version="1.0" encoding="UTF-8"?>
<!-- Generated by org.testng.reporters.JUnitReportReporter -->
<testsuite hostname="DESKTOP-6D7382R" failures="0" tests="1" name="tests.JavaexecutorBlogTest1" time="28.861" errors="0" timestamp="2023-09-10T21:58:42 EEST" skipped="0">
  <testcase classname="tests.JavaexecutorBlogTest1" name="navigateToShop" time="28.861"/>
</testsuite> <!-- tests.JavaexecutorBlogTest1 -->
