<?xml version="1.0" encoding="UTF-8"?>
<!-- Generated by org.testng.reporters.JUnitReportReporter -->
<testsuite hostname="DESKTOP-6D7382R" failures="0" tests="1" name="tests.JavaScriptExecutorBlogTest" time="31.479" errors="0" timestamp="2023-09-10T21:24:55 EEST" skipped="0">
  <testcase classname="tests.JavaScriptExecutorBlogTest" name="navigateToBlog" time="31.479"/>
</testsuite> <!-- tests.JavaScriptExecutorBlogTest -->
