<?xml version="1.0" encoding="UTF-8"?>
<!-- Generated by org.testng.reporters.JUnitReportReporter -->
<testsuite hostname="DESKTOP-6D7382R" failures="0" tests="6" name="tests.DataProviderMainPageTest" time="11.272" errors="0" timestamp="2023-09-03T19:52:28 EEST" skipped="0">
  <testcase classname="tests.DataProviderMainPageTest" name="searchBooksTest" time="1.887"/>
  <testcase classname="tests.DataProviderMainPageTest" name="searchBooksTest" time="1.711"/>
  <testcase classname="tests.DataProviderMainPageTest" name="searchBooksTest" time="2.440"/>
  <testcase classname="tests.DataProviderMainPageTest" name="searchBooksTest" time="1.761"/>
  <testcase classname="tests.DataProviderMainPageTest" name="searchBooksTest" time="1.697"/>
  <testcase classname="tests.DataProviderMainPageTest" name="searchBooksTest" time="1.776"/>
</testsuite> <!-- tests.DataProviderMainPageTest -->
