<?xml version="1.0" encoding="UTF-8"?>
<!-- Generated by org.testng.reporters.JUnitReportReporter -->
<testsuite hostname="DESKTOP-6D7382R" failures="0" tests="1" name="tests.ActionClassExample" time="2.948" errors="0" timestamp="2023-09-03T10:15:23 EEST" skipped="0">
  <testcase classname="tests.ActionClassExample" name="dragAndDropTest" time="2.948"/>
</testsuite> <!-- tests.ActionClassExample -->
