<?xml version="1.0" encoding="UTF-8"?>
<!-- Generated by org.testng.reporters.JUnitReportReporter -->
<testsuite hostname="DESKTOP-6D7382R" failures="0" tests="1" name="tests.JavascriptExecutorTest" time="33.696" errors="0" timestamp="2023-09-10T07:32:23 EEST" skipped="0">
  <testcase classname="tests.JavascriptExecutorTest" name="example2" time="33.696"/>
</testsuite> <!-- tests.JavascriptExecutorTest -->
